<?xml version="1.0" encoding="UTF-8"?>
<testng-results skipped="0" failed="0" total="1" passed="1">
  <reporter-output>
  </reporter-output>
  <suite name="Suite" duration-ms="10105" started-at="2019-06-29T16:12:09Z" finished-at="2019-06-29T16:12:19Z">
    <groups>
    </groups>
    <test name="Test" duration-ms="10105" started-at="2019-06-29T16:12:09Z" finished-at="2019-06-29T16:12:19Z">
      <class name="org.mma.training.selenium.NewTest">
        <test-method status="PASS" signature="setUp()[pri:0, instance:org.mma.training.selenium.NewTest@215be6bb]" name="setUp" is-config="true" duration-ms="7029" started-at="2019-06-29T12:12:09Z" finished-at="2019-06-29T12:12:16Z">
          <reporter-output>
          </reporter-output>
        </test-method> <!-- setUp -->
        <test-method status="PASS" signature="testGooglePageTitleInIEBrowser()[pri:0, instance:org.mma.training.selenium.NewTest@215be6bb]" name="testGooglePageTitleInIEBrowser" duration-ms="2141" started-at="2019-06-29T12:12:16Z" finished-at="2019-06-29T12:12:18Z">
          <reporter-output>
          </reporter-output>
        </test-method> <!-- testGooglePageTitleInIEBrowser -->
        <test-method status="PASS" signature="tearDown()[pri:0, instance:org.mma.training.selenium.NewTest@215be6bb]" name="tearDown" is-config="true" duration-ms="912" started-at="2019-06-29T12:12:18Z" finished-at="2019-06-29T12:12:19Z">
          <reporter-output>
          </reporter-output>
        </test-method> <!-- tearDown -->
      </class> <!-- org.mma.training.selenium.NewTest -->
    </test> <!-- Test -->
  </suite> <!-- Suite -->
</testng-results>
